<?xml version="1.0" encoding="UTF-8"?>
<!-- Generated by org.testng.reporters.JUnitReportReporter -->
<testsuite hostname="DESKTOP-A0UFN4V" failures="0" tests="3" name="com.internet_heruku.HomePageTest" time="22.271" errors="0" timestamp="2022-12-20T21:00:20 IST" skipped="0">
  <testcase classname="com.internet_heruku.HomePageTest" name="VerifycountOfLinks" time="6.059"/>
  <system-out/>
  <testcase classname="com.internet_heruku.HomePageTest" name="VerifyForkMe" time="8.948"/>
  <system-out/>
  <testcase classname="com.internet_heruku.HomePageTest" name="verifyHomePageOpen" time="7.264"/>
  <system-out/>
</testsuite> <!-- com.internet_heruku.HomePageTest -->
