<?xml version="1.0" encoding="UTF-8"?>
<!-- Generated by org.testng.reporters.JUnitReportReporter -->
<testsuite hostname="DESKTOP-A0UFN4V" failures="0" tests="1" name="com.internet_heruku.CheckBoxesTest" time="5.991" errors="0" timestamp="2022-12-20T21:00:20 IST" skipped="0">
  <testcase classname="com.internet_heruku.CheckBoxesTest" name="clickonCheckBoxesLink" time="5.991"/>
  <system-out/>
</testsuite> <!-- com.internet_heruku.CheckBoxesTest -->
